<?xml version="1.0" encoding="UTF-8"?>
<!-- Generated by org.testng.reporters.JUnitReportReporter -->
<testsuite skipped="0" hostname="SUBNANDI-LAP" name="com.selenium.testcases.DummyTestC" tests="1" failures="0" timestamp="09 Nov 2020 11:37:37 GMT" time="44.725" errors="0">
  <testcase name="testC" time="44.725" classname="com.selenium.testcases.DummyTestC"/>
</testsuite> <!-- com.selenium.testcases.DummyTestC -->
