<?xml version="1.0" encoding="UTF-8"?>
<!-- Generated by org.testng.reporters.JUnitReportReporter -->
<testsuite skipped="0" hostname="SUBNANDI-LAP" name="com.selenium.testcases.DummytestB" tests="1" failures="0" timestamp="09 Nov 2020 05:35:23 GMT" time="31.424" errors="0">
  <testcase name="testB" time="31.424" classname="com.selenium.testcases.DummytestB"/>
</testsuite> <!-- com.selenium.testcases.DummytestB -->
